#
# There is insufficient memory for the Java Runtime Environment to continue.
# Native memory allocation (mmap) failed to map 132120576 bytes for Failed to commit area from 0x0000000082800000 to 0x000000008a600000 of length 132120576.
# Possible reasons:
#   The system is out of physical RAM or swap space
#   The process is running with CompressedOops enabled, and the Java Heap may be blocking the growth of the native heap
# Possible solutions:
#   Reduce memory load on the system
#   Increase physical memory or swap space
#   Check if swap backing store is full
#   Decrease Java heap size (-Xmx/-Xms)
#   Decrease number of Java threads
#   Decrease Java thread stack sizes (-Xss)
#   Set larger code cache with -XX:ReservedCodeCacheSize=
# This output file may be truncated or incomplete.
#
#  Out of Memory Error (./src/hotspot/os/windows/os_windows.cpp:3301), pid=7204, tid=16548
#
# JRE version:  (11.0.10+9) (build )
# Java VM: OpenJDK 64-Bit Server VM (11.0.10+9, mixed mode, sharing, tiered, compressed oops, g1 gc, windows-amd64)
# No core dump will be written. Minidumps are not enabled by default on client versions of Windows
#

---------------  S U M M A R Y ------------

Command Line: -agentlib:jdwp=transport=dt_socket,server=n,suspend=y,address=localhost:61189 -Dfile.encoding=UTF-8 net.luvina.blog.BlogApplication

Host: Intel(R) Core(TM) i3-9100 CPU @ 3.60GHz, 4 cores, 7G,  Windows 10 , 64 bit Build 19041 (10.0.19041.292)
Time: Wed Feb  3 15:58:05 2021 SE Asia Standard Time elapsed time: 0.014165 seconds (0d 0h 0m 0s)

---------------  T H R E A D  ---------------

Current thread (0x000001d9c5481800):  JavaThread "Unknown thread" [_thread_in_vm, id=16548, stack(0x00000034e0300000,0x00000034e0400000)]

Stack: [0x00000034e0300000,0x00000034e0400000]
Native frames: (J=compiled Java code, j=interpreted, Vv=VM code, C=native code)
V  [jvm.dll+0x5f35ea]
V  [jvm.dll+0x77c65e]
V  [jvm.dll+0x77dd2f]
V  [jvm.dll+0x77e3f3]
V  [jvm.dll+0x246c38]
V  [jvm.dll+0x5f079a]
V  [jvm.dll+0x5e53c5]
V  [jvm.dll+0x2fba4c]
V  [jvm.dll+0x2fb8d2]
V  [jvm.dll+0x300586]
V  [jvm.dll+0x344cff]
V  [jvm.dll+0x344730]
V  [jvm.dll+0x2d8cb8]
V  [jvm.dll+0x2d9e06]
V  [jvm.dll+0x757c77]
V  [jvm.dll+0x7593ff]
V  [jvm.dll+0x351a59]
V  [jvm.dll+0x73aea0]
V  [jvm.dll+0x3b929f]
V  [jvm.dll+0x3bb7a1]
C  [jli.dll+0x520b]
C  [ucrtbase.dll+0x21542]
C  [KERNEL32.DLL+0x16fd4]
C  [ntdll.dll+0x4cec1]


---------------  P R O C E S S  ---------------

Threads class SMR info:
_java_thread_list=0x000001d9c33b3d90, length=0, elements={
}

Java Threads: ( => current thread )

Other Threads:
  0x000001d9c549b800 GCTaskThread "GC Thread#0" [stack: 0x00000034e0400000,0x00000034e0500000] [id=13152]
  0x000001d9c54cc800 ConcurrentGCThread "G1 Main Marker" [stack: 0x00000034e0500000,0x00000034e0600000] [id=12248]
  0x000001d9c54d0800 ConcurrentGCThread "G1 Conc#0" [stack: 0x00000034e0600000,0x00000034e0700000] [id=11240]

[error occurred during error reporting (printing all threads), id 0xc0000005, EXCEPTION_ACCESS_VIOLATION (0xc0000005) at pc=0x00007ff862808337]

VM state:not at safepoint (not fully initialized)

VM Mutex/Monitor currently owned by a thread:  ([mutex/lock_event])
[0x000001d9c547e6d0] Heap_lock - owner thread: 0x000001d9c5481800

Heap address: 0x0000000082800000, size: 2008 MB, Compressed Oops mode: Non-zero based: 0x0000000082800000
Narrow klass base: 0x0000000000000000, Narrow klass shift: 0

GC Heap History (0 events):
No events

Deoptimization events (0 events):
No events

Classes redefined (0 events):
No events

Internal exceptions (0 events):
No events

Events (1 events):
Event: 0.007 Loaded shared library C:\Program Files\AdoptOpenJDK\jdk-11.0.10.9-hotspot\bin\zip.dll


Dynamic libraries:
0x00007ff739920000 - 0x00007ff73992d000 	C:\Program Files\AdoptOpenJDK\jdk-11.0.10.9-hotspot\bin\java.exe
0x00007ff8a10d0000 - 0x00007ff8a12c4000 	C:\Windows\SYSTEM32\ntdll.dll
0x00007ff89f9b0000 - 0x00007ff89fa6d000 	C:\Windows\System32\KERNEL32.DLL
0x00007ff89ec60000 - 0x00007ff89ef27000 	C:\Windows\System32\KERNELBASE.dll
0x00007ff89efe0000 - 0x00007ff89f0e0000 	C:\Windows\System32\ucrtbase.dll
0x00007ff8777a0000 - 0x00007ff8777b7000 	C:\Program Files\AdoptOpenJDK\jdk-11.0.10.9-hotspot\bin\jli.dll
0x00007ff8726e0000 - 0x00007ff8726f5000 	C:\Program Files\AdoptOpenJDK\jdk-11.0.10.9-hotspot\bin\VCRUNTIME140.dll
0x00007ff89f530000 - 0x00007ff89f6d0000 	C:\Windows\System32\USER32.dll
0x00007ff88b650000 - 0x00007ff88b8ea000 	C:\Windows\WinSxS\amd64_microsoft.windows.common-controls_6595b64144ccf1df_6.0.19041.1_none_b555e41d4684ddec\COMCTL32.dll
0x00007ff89f0e0000 - 0x00007ff89f102000 	C:\Windows\System32\win32u.dll
0x00007ff8a05b0000 - 0x00007ff8a064e000 	C:\Windows\System32\msvcrt.dll
0x00007ff89fa70000 - 0x00007ff89fa9a000 	C:\Windows\System32\GDI32.dll
0x00007ff89e870000 - 0x00007ff89e97a000 	C:\Windows\System32\gdi32full.dll
0x00007ff89ea00000 - 0x00007ff89ea9d000 	C:\Windows\System32\msvcp_win.dll
0x00007ff8a0f00000 - 0x00007ff8a0f30000 	C:\Windows\System32\IMM32.DLL
0x00007ff863e10000 - 0x00007ff863eab000 	C:\Program Files\AdoptOpenJDK\jdk-11.0.10.9-hotspot\bin\msvcp140.dll
0x00007ff862520000 - 0x00007ff863063000 	C:\Program Files\AdoptOpenJDK\jdk-11.0.10.9-hotspot\bin\server\jvm.dll
0x00007ff89f110000 - 0x00007ff89f1ba000 	C:\Windows\System32\ADVAPI32.dll
0x00007ff8a0e60000 - 0x00007ff8a0efb000 	C:\Windows\System32\sechost.dll
0x00007ff8a0c10000 - 0x00007ff8a0d33000 	C:\Windows\System32\RPCRT4.dll
0x00007ff89f520000 - 0x00007ff89f528000 	C:\Windows\System32\PSAPI.DLL
0x00007ff898e30000 - 0x00007ff898e3a000 	C:\Windows\SYSTEM32\VERSION.dll
0x00007ff8821e0000 - 0x00007ff882207000 	C:\Windows\SYSTEM32\WINMM.dll
0x00007ff8866e0000 - 0x00007ff8866e9000 	C:\Windows\SYSTEM32\WSOCK32.dll
0x00007ff8a0540000 - 0x00007ff8a05ab000 	C:\Windows\System32\WS2_32.dll
0x00007ff89d3c0000 - 0x00007ff89d3d3000 	C:\Windows\SYSTEM32\kernel.appcore.dll
0x00007ff87ff30000 - 0x00007ff87ff40000 	C:\Program Files\AdoptOpenJDK\jdk-11.0.10.9-hotspot\bin\verify.dll
0x00007ff88c750000 - 0x00007ff88c934000 	C:\Windows\SYSTEM32\DBGHELP.DLL
0x00007ff88c6e0000 - 0x00007ff88c70c000 	C:\Windows\SYSTEM32\dbgcore.DLL
0x00007ff89e980000 - 0x00007ff89e9ff000 	C:\Windows\System32\bcryptPrimitives.dll
0x00007ff869c20000 - 0x00007ff869c48000 	C:\Program Files\AdoptOpenJDK\jdk-11.0.10.9-hotspot\bin\java.dll
0x00007ff87db00000 - 0x00007ff87db0a000 	C:\Program Files\AdoptOpenJDK\jdk-11.0.10.9-hotspot\bin\jimage.dll
0x00007ff864560000 - 0x00007ff864598000 	C:\Program Files\AdoptOpenJDK\jdk-11.0.10.9-hotspot\bin\jdwp.dll
0x00007ff86a860000 - 0x00007ff86a877000 	C:\Program Files\AdoptOpenJDK\jdk-11.0.10.9-hotspot\bin\zip.dll

dbghelp: loaded successfully - version: 4.0.5 - missing functions: none
symbol engine: initialized successfully - sym options: 0x614 - pdb path: .;C:\Program Files\AdoptOpenJDK\jdk-11.0.10.9-hotspot\bin;C:\Windows\SYSTEM32;C:\Windows\WinSxS\amd64_microsoft.windows.common-controls_6595b64144ccf1df_6.0.19041.1_none_b555e41d4684ddec;C:\Program Files\AdoptOpenJDK\jdk-11.0.10.9-hotspot\bin\server

VM Arguments:
jvm_args: -agentlib:jdwp=transport=dt_socket,server=n,suspend=y,address=localhost:61189 -Dfile.encoding=UTF-8 
java_command: net.luvina.blog.BlogApplication
java_class_path (initial): E:\clean-code\phan1\blog\target\classes;C:\Users\nguyenhuucanh\.m2\repository\org\springframework\boot\spring-boot-starter-web\2.4.2\spring-boot-starter-web-2.4.2.jar;C:\Users\nguyenhuucanh\.m2\repository\org\springframework\boot\spring-boot-starter\2.4.2\spring-boot-starter-2.4.2.jar;C:\Users\nguyenhuucanh\.m2\repository\org\springframework\boot\spring-boot-starter-logging\2.4.2\spring-boot-starter-logging-2.4.2.jar;C:\Users\nguyenhuucanh\.m2\repository\ch\qos\logback\logback-classic\1.2.3\logback-classic-1.2.3.jar;C:\Users\nguyenhuucanh\.m2\repository\ch\qos\logback\logback-core\1.2.3\logback-core-1.2.3.jar;C:\Users\nguyenhuucanh\.m2\repository\org\apache\logging\log4j\log4j-to-slf4j\2.13.3\log4j-to-slf4j-2.13.3.jar;C:\Users\nguyenhuucanh\.m2\repository\org\apache\logging\log4j\log4j-api\2.13.3\log4j-api-2.13.3.jar;C:\Users\nguyenhuucanh\.m2\repository\org\slf4j\jul-to-slf4j\1.7.30\jul-to-slf4j-1.7.30.jar;C:\Users\nguyenhuucanh\.m2\repository\jakarta\annotation\jakarta.annotation-api\1.3.5\jakarta.annotation-api-1.3.5.jar;C:\Users\nguyenhuucanh\.m2\repository\org\yaml\snakeyaml\1.27\snakeyaml-1.27.jar;C:\Users\nguyenhuucanh\.m2\repository\org\springframework\boot\spring-boot-starter-json\2.4.2\spring-boot-starter-json-2.4.2.jar;C:\Users\nguyenhuucanh\.m2\repository\com\fasterxml\jackson\core\jackson-databind\2.11.4\jackson-databind-2.11.4.jar;C:\Users\nguyenhuucanh\.m2\repository\com\fasterxml\jackson\core\jackson-annotations\2.11.4\jackson-annotations-2.11.4.jar;C:\Users\nguyenhuucanh\.m2\repository\com\fasterxml\jackson\core\jackson-core\2.11.4\jackson-core-2.11.4.jar;C:\Users\nguyenhuucanh\.m2\repository\com\fasterxml\jackson\datatype\jackson-datatype-jdk8\2.11.4\jackson-datatype-jdk8-2.11.4.jar;C:\Users\nguyenhuucanh\.m2\repository\com\fasterxml\jackson\datatype\jackson-datatype-jsr310\2.11.4\jackson-datatype-jsr310-2.11.4.jar;C:\Users\nguyenhuucanh\.m2\repository\com\fasterxml\jackson\module\jackson-module-parameter-names\2.11.4\j
Launcher Type: SUN_STANDARD

[Global flags]
     intx CICompilerCount                          = 3                                         {product} {ergonomic}
     uint ConcGCThreads                            = 1                                         {product} {ergonomic}
     uint G1ConcRefinementThreads                  = 4                                         {product} {ergonomic}
   size_t G1HeapRegionSize                         = 1048576                                   {product} {ergonomic}
    uintx GCDrainStackTargetSize                   = 64                                        {product} {ergonomic}
   size_t InitialHeapSize                          = 132120576                                 {product} {ergonomic}
   size_t MarkStackSize                            = 4194304                                   {product} {ergonomic}
   size_t MaxHeapSize                              = 2105540608                                {product} {ergonomic}
   size_t MinHeapDeltaBytes                        = 1048576                                   {product} {ergonomic}
    uintx NonNMethodCodeHeapSize                   = 5830732                                {pd product} {ergonomic}
    uintx NonProfiledCodeHeapSize                  = 122913754                              {pd product} {ergonomic}
    uintx ProfiledCodeHeapSize                     = 122913754                              {pd product} {ergonomic}
    uintx ReservedCodeCacheSize                    = 251658240                              {pd product} {ergonomic}
     bool SegmentedCodeCache                       = true                                      {product} {ergonomic}
     bool UseCompressedClassPointers               = true                                 {lp64_product} {ergonomic}
     bool UseCompressedOops                        = true                                 {lp64_product} {ergonomic}
     bool UseG1GC                                  = true                                      {product} {ergonomic}
     bool UseLargePagesIndividualAllocation        = false                                  {pd product} {ergonomic}

Logging:
Log output configuration:
 #0: stdout all=warning uptime,level,tags
 #1: stderr all=off uptime,level,tags

Environment Variables:
PATH=C:\Program Files\Git\mingw64\bin;C:\Program Files\Git\usr\bin;C:\Users\nguyenhuucanh\bin;C:\Program Files\AdoptOpenJDK\jdk-11.0.10.9-hotspot\bin;C:\ProgramData\Oracle\Java\javapath;C:\Windows\system32;C:\Windows;C:\Windows\System32\Wbem;C:\Windows\System32\WindowsPowerShell\v1.0;C:\Windows\System32\OpenSSH;C:\Program Files\TortoiseSVN\bin;C:\Program Files\dotnet;C:\Program Files\Microsoft SQL Server\130\Tools\Binn;C:\Program Files\Git\cmd;C:\Program Files\TortoiseGit\bin;C:\Program Files\Docker\Docker\resources\bin;C:\ProgramData\DockerDesktop\version-bin;C:\Program Files (x86)\Yarn\bin;C:\Program Files\nodejs;C:\xampp\php;C:\ProgramData\ComposerSetup\bin;C:\Users\nguyenhuucanh\.dnx\bin;C:\Program Files\Microsoft DNX\Dnvm;C:\Program Files (x86)\WinMerge;C:\Users\nguyenhuucanh\AppData\Local\Programs\Python\Python38-32\Scripts;C:\Users\nguyenhuucanh\AppData\Local\Programs\Python\Python38-32;C:\Users\nguyenhuucanh\AppData\Local\Microsoft\WindowsApps;C:\Users\nguyenhuucanh\.dotnet\tools;C:\Users\nguyenhuucanh\AppData\Local\Programs\Microsoft VS Code\bin;C:\Users\nguyenhuucanh\AppData\Local\Yarn\bin;C:\Users\nguyenhuucanh\AppData\Roaming\npm;C:\Users\nguyenhuucanh\AppData\Roaming\Composer\vendor\bin
USERNAME=nguyenhuucanh
LANG=en_US.UTF-8
OS=Windows_NT
PROCESSOR_IDENTIFIER=Intel64 Family 6 Model 158 Stepping 11, GenuineIntel



---------------  S Y S T E M  ---------------

OS: Windows 10 , 64 bit Build 19041 (10.0.19041.292)
OS uptime: 2 days 4:34 hours
Hyper-V role detected

CPU:total 4 (initial active 4) (4 cores per cpu, 1 threads per core) family 6 model 158 stepping 11 microcode 0xca, cmov, cx8, fxsr, mmx, sse, sse2, sse3, ssse3, sse4.1, sse4.2, popcnt, avx, avx2, aes, clmul, erms, 3dnowpref, lzcnt, tsc, tscinvbit, bmi1, bmi2, adx, fma

Memory: 4k page, system-wide physical 8028M (725M free)
TotalPageFile size 12124M (AvailPageFile size 91M)
current process WorkingSet (physical memory assigned to process): 10M, peak: 10M
current process commit charge ("private bytes"): 52M, peak: 177M

vm_info: OpenJDK 64-Bit Server VM (11.0.10+9) for windows-amd64 JRE (11.0.10+9), built on Jan 20 2021 06:07:07 by "" with MS VC++ 15.9 (VS2017)

END.
